<?xml version="1.0" encoding="UTF-8"?>
<!-- Generated by org.testng.reporters.JUnitReportReporter -->
<testsuite hostname="DESKTOP-DCP93M2" name="com.training.sanity.tests.LoginTC43" tests="1" failures="0" timestamp="11 May 2020 18:43:14 GMT" time="119.269" errors="0">
  <testcase name="validLoginTest" time="119.269" classname="com.training.sanity.tests.LoginTC43"/>
</testsuite> <!-- com.training.sanity.tests.LoginTC43 -->
