<?xml version="1.0" encoding="UTF-8"?>
<!-- Generated by org.testng.reporters.JUnitReportReporter -->
<testsuite hostname="DESKTOP-DCP93M2" name="com.training.sanity.tests.LoginTC14" tests="1" failures="0" timestamp="8 May 2020 08:55:30 GMT" time="101.176" errors="0">
  <testcase name="validLoginTest" time="101.176" classname="com.training.sanity.tests.LoginTC14"/>
</testsuite> <!-- com.training.sanity.tests.LoginTC14 -->
