<?xml version="1.0" encoding="UTF-8"?>
<!-- Generated by org.testng.reporters.JUnitReportReporter -->
<testsuite hostname="DESKTOP-DCP93M2" name="com.training.sanity.tests.RETC_44" tests="1" failures="0" timestamp="16 May 2020 05:31:05 GMT" time="76.419" errors="0">
  <testcase name="validLoginTest" time="76.419" classname="com.training.sanity.tests.RETC_44"/>
</testsuite> <!-- com.training.sanity.tests.RETC_44 -->
