<?xml version="1.0" encoding="UTF-8"?>
<!-- Generated by org.testng.reporters.JUnitReportReporter -->
<testsuite hostname="DESKTOP-DCP93M2" name="com.training.sanity.tests.LoginTC13" tests="1" failures="0" timestamp="8 May 2020 08:08:18 GMT" time="109.527" errors="0">
  <testcase name="validLoginTest" time="109.527" classname="com.training.sanity.tests.LoginTC13"/>
</testsuite> <!-- com.training.sanity.tests.LoginTC13 -->
