<?xml version="1.0" encoding="UTF-8"?>
<!-- Generated by org.testng.reporters.JUnitReportReporter -->
<testsuite hostname="DESKTOP-DCP93M2" name="com.training.sanity.tests.RETC_43" tests="1" failures="0" timestamp="16 May 2020 05:26:25 GMT" time="71.198" errors="0">
  <testcase name="validLoginTest" time="71.198" classname="com.training.sanity.tests.RETC_43"/>
</testsuite> <!-- com.training.sanity.tests.RETC_43 -->
