<?xml version="1.0" encoding="UTF-8"?>
<!-- Generated by org.testng.reporters.JUnitReportReporter -->
<testsuite hostname="DESKTOP-DCP93M2" name="com.training.sanity.tests.LoginTC15" tests="1" failures="0" timestamp="9 May 2020 09:41:00 GMT" time="63.680" errors="0">
  <testcase name="validLoginTest" time="63.680" classname="com.training.sanity.tests.LoginTC15"/>
</testsuite> <!-- com.training.sanity.tests.LoginTC15 -->
