<?xml version="1.0" encoding="UTF-8"?>
<!-- Generated by org.testng.reporters.JUnitReportReporter -->
<testsuite hostname="DESKTOP-DCP93M2" name="com.training.sanity.tests.RETC_45" tests="1" failures="0" timestamp="16 May 2020 05:45:41 GMT" time="107.095" errors="0">
  <testcase name="validLoginTest" time="107.095" classname="com.training.sanity.tests.RETC_45"/>
</testsuite> <!-- com.training.sanity.tests.RETC_45 -->
