<?xml version="1.0" encoding="UTF-8"?>
<!-- Generated by org.testng.reporters.JUnitReportReporter -->
<testsuite hostname="DESKTOP-DCP93M2" name="com.training.sanity.tests.RETC_44_Table" tests="1" failures="0" timestamp="17 May 2020 03:21:20 GMT" time="28.280" errors="0">
  <testcase name="validLoginTest" time="28.280" classname="com.training.sanity.tests.RETC_44_Table"/>
</testsuite> <!-- com.training.sanity.tests.RETC_44_Table -->
